{"total": {"lines":{"total":188,"covered":89,"skipped":0,"pct":47.34},"statements":{"total":194,"covered":91,"skipped":0,"pct":46.9},"functions":{"total":18,"covered":8,"skipped":0,"pct":44.44},"branches":{"total":70,"covered":35,"skipped":0,"pct":50},"branchesTrue":{"total":0,"covered":0,"skipped":0,"pct":100}}
,"C:\\Users\\shara\\Documents\\DVOPS_Projects\\StudentSphere-sha\\public\\js\\addstudent.js": {"lines":{"total":34,"covered":0,"skipped":0,"pct":0},"functions":{"total":2,"covered":0,"skipped":0,"pct":0},"statements":{"total":34,"covered":0,"skipped":0,"pct":0},"branches":{"total":12,"covered":0,"skipped":0,"pct":0}}
,"C:\\Users\\shara\\Documents\\DVOPS_Projects\\StudentSphere-sha\\public\\js\\updateStudent.js": {"lines":{"total":43,"covered":41,"skipped":0,"pct":95.34},"functions":{"total":3,"covered":3,"skipped":0,"pct":100},"statements":{"total":43,"covered":41,"skipped":0,"pct":95.34},"branches":{"total":16,"covered":15,"skipped":0,"pct":93.75}}
,"C:\\Users\\shara\\Documents\\DVOPS_Projects\\StudentSphere-sha\\public\\js\\view_students_frontend.js": {"lines":{"total":37,"covered":11,"skipped":0,"pct":29.72},"functions":{"total":4,"covered":2,"skipped":0,"pct":50},"statements":{"total":39,"covered":12,"skipped":0,"pct":30.76},"branches":{"total":11,"covered":0,"skipped":0,"pct":0}}
,"C:\\Users\\shara\\Documents\\DVOPS_Projects\\StudentSphere-sha\\utils\\addStudentUtil.js": {"lines":{"total":23,"covered":3,"skipped":0,"pct":13.04},"functions":{"total":3,"covered":0,"skipped":0,"pct":0},"statements":{"total":25,"covered":3,"skipped":0,"pct":12},"branches":{"total":8,"covered":0,"skipped":0,"pct":0}}
,"C:\\Users\\shara\\Documents\\DVOPS_Projects\\StudentSphere-sha\\utils\\updateStudentUtil.js": {"lines":{"total":38,"covered":32,"skipped":0,"pct":84.21},"functions":{"total":3,"covered":3,"skipped":0,"pct":100},"statements":{"total":39,"covered":33,"skipped":0,"pct":84.61},"branches":{"total":21,"covered":20,"skipped":0,"pct":95.23}}
,"C:\\Users\\shara\\Documents\\DVOPS_Projects\\StudentSphere-sha\\utils\\view_students.js": {"lines":{"total":13,"covered":2,"skipped":0,"pct":15.38},"functions":{"total":3,"covered":0,"skipped":0,"pct":0},"statements":{"total":14,"covered":2,"skipped":0,"pct":14.28},"branches":{"total":2,"covered":0,"skipped":0,"pct":0}}
}
