{"C:\\Users\\shara\\Documents\\DVOPS_Projects\\StudentSphere-sha\\public\\js\\addstudent.js": {"path":"C:\\Users\\shara\\Documents\\DVOPS_Projects\\StudentSphere-sha\\public\\js\\addstudent.js","statementMap":{"0":{"start":{"line":2,"column":19},"end":{"line":2,"column":21}},"1":{"start":{"line":3,"column":19},"end":{"line":3,"column":31}},"2":{"start":{"line":6,"column":4},"end":{"line":6,"column":58}},"3":{"start":{"line":7,"column":4},"end":{"line":7,"column":68}},"4":{"start":{"line":8,"column":4},"end":{"line":8,"column":76}},"5":{"start":{"line":9,"column":4},"end":{"line":9,"column":60}},"6":{"start":{"line":10,"column":4},"end":{"line":10,"column":70}},"7":{"start":{"line":11,"column":4},"end":{"line":11,"column":62}},"8":{"start":{"line":14,"column":4},"end":{"line":25,"column":5}},"9":{"start":{"line":22,"column":8},"end":{"line":22,"column":82}},"10":{"start":{"line":23,"column":8},"end":{"line":23,"column":80}},"11":{"start":{"line":24,"column":8},"end":{"line":24,"column":15}},"12":{"start":{"line":28,"column":18},"end":{"line":28,"column":38}},"13":{"start":{"line":29,"column":4},"end":{"line":29,"column":47}},"14":{"start":{"line":30,"column":4},"end":{"line":30,"column":65}},"15":{"start":{"line":31,"column":4},"end":{"line":57,"column":6}},"16":{"start":{"line":32,"column":8},"end":{"line":32,"column":52}},"17":{"start":{"line":33,"column":8},"end":{"line":33,"column":30}},"18":{"start":{"line":35,"column":8},"end":{"line":56,"column":9}},"19":{"start":{"line":36,"column":12},"end":{"line":36,"column":99}},"20":{"start":{"line":37,"column":12},"end":{"line":37,"column":85}},"21":{"start":{"line":40,"column":12},"end":{"line":40,"column":55}},"22":{"start":{"line":41,"column":12},"end":{"line":41,"column":60}},"23":{"start":{"line":42,"column":12},"end":{"line":42,"column":64}},"24":{"start":{"line":43,"column":12},"end":{"line":43,"column":56}},"25":{"start":{"line":44,"column":12},"end":{"line":44,"column":61}},"26":{"start":{"line":45,"column":12},"end":{"line":45,"column":57}},"27":{"start":{"line":48,"column":12},"end":{"line":48,"column":48}},"28":{"start":{"line":49,"column":15},"end":{"line":56,"column":9}},"29":{"start":{"line":51,"column":12},"end":{"line":51,"column":76}},"30":{"start":{"line":52,"column":12},"end":{"line":52,"column":84}},"31":{"start":{"line":54,"column":12},"end":{"line":54,"column":84}},"32":{"start":{"line":55,"column":12},"end":{"line":55,"column":84}},"33":{"start":{"line":60,"column":4},"end":{"line":60,"column":43}}},"fnMap":{"0":{"name":"addStudent","decl":{"start":{"line":1,"column":9},"end":{"line":1,"column":19}},"loc":{"start":{"line":1,"column":22},"end":{"line":61,"column":1}},"line":1},"1":{"name":"(anonymous_1)","decl":{"start":{"line":31,"column":21},"end":{"line":31,"column":22}},"loc":{"start":{"line":31,"column":33},"end":{"line":57,"column":5}},"line":31}},"branchMap":{"0":{"loc":{"start":{"line":14,"column":4},"end":{"line":25,"column":5}},"type":"if","locations":[{"start":{"line":14,"column":4},"end":{"line":25,"column":5}},{"start":{},"end":{}}],"line":14},"1":{"loc":{"start":{"line":15,"column":8},"end":{"line":20,"column":30}},"type":"binary-expr","locations":[{"start":{"line":15,"column":8},"end":{"line":15,"column":28}},{"start":{"line":16,"column":8},"end":{"line":16,"column":33}},{"start":{"line":17,"column":8},"end":{"line":17,"column":37}},{"start":{"line":18,"column":8},"end":{"line":18,"column":29}},{"start":{"line":19,"column":8},"end":{"line":19,"column":34}},{"start":{"line":20,"column":8},"end":{"line":20,"column":30}}],"line":15},"2":{"loc":{"start":{"line":35,"column":8},"end":{"line":56,"column":9}},"type":"if","locations":[{"start":{"line":35,"column":8},"end":{"line":56,"column":9}},{"start":{"line":49,"column":15},"end":{"line":56,"column":9}}],"line":35},"3":{"loc":{"start":{"line":49,"column":15},"end":{"line":56,"column":9}},"type":"if","locations":[{"start":{"line":49,"column":15},"end":{"line":56,"column":9}},{"start":{"line":53,"column":15},"end":{"line":56,"column":9}}],"line":49}},"s":{"0":0,"1":0,"2":0,"3":0,"4":0,"5":0,"6":0,"7":0,"8":0,"9":0,"10":0,"11":0,"12":0,"13":0,"14":0,"15":0,"16":0,"17":0,"18":0,"19":0,"20":0,"21":0,"22":0,"23":0,"24":0,"25":0,"26":0,"27":0,"28":0,"29":0,"30":0,"31":0,"32":0,"33":0},"f":{"0":0,"1":0},"b":{"0":[0,0],"1":[0,0,0,0,0,0],"2":[0,0],"3":[0,0]},"_coverageSchema":"1a1c01bbd47fc00a2c39e90264f33305004495a9","hash":"84b4f4b4734aae6822880a724b1312db362369a0"}
,"C:\\Users\\shara\\Documents\\DVOPS_Projects\\StudentSphere-sha\\public\\js\\updateStudent.js": {"path":"C:\\Users\\shara\\Documents\\DVOPS_Projects\\StudentSphere-sha\\public\\js\\updateStudent.js","statementMap":{"0":{"start":{"line":2,"column":26},"end":{"line":2,"column":42}},"1":{"start":{"line":4,"column":4},"end":{"line":4,"column":79}},"2":{"start":{"line":5,"column":4},"end":{"line":5,"column":69}},"3":{"start":{"line":6,"column":4},"end":{"line":6,"column":87}},"4":{"start":{"line":7,"column":4},"end":{"line":7,"column":71}},"5":{"start":{"line":8,"column":4},"end":{"line":8,"column":81}},"6":{"start":{"line":9,"column":4},"end":{"line":9,"column":73}},"7":{"start":{"line":11,"column":4},"end":{"line":11,"column":115}},"8":{"start":{"line":13,"column":8},"end":{"line":13,"column":45}},"9":{"start":{"line":18,"column":4},"end":{"line":18,"column":20}},"10":{"start":{"line":19,"column":19},"end":{"line":19,"column":21}},"11":{"start":{"line":21,"column":19},"end":{"line":28,"column":5}},"12":{"start":{"line":30,"column":4},"end":{"line":34,"column":5}},"13":{"start":{"line":31,"column":8},"end":{"line":31,"column":117}},"14":{"start":{"line":32,"column":8},"end":{"line":32,"column":84}},"15":{"start":{"line":33,"column":8},"end":{"line":33,"column":15}},"16":{"start":{"line":37,"column":21},"end":{"line":37,"column":57}},"17":{"start":{"line":38,"column":4},"end":{"line":42,"column":5}},"18":{"start":{"line":39,"column":8},"end":{"line":39,"column":83}},"19":{"start":{"line":40,"column":8},"end":{"line":40,"column":84}},"20":{"start":{"line":41,"column":8},"end":{"line":41,"column":15}},"21":{"start":{"line":45,"column":4},"end":{"line":49,"column":5}},"22":{"start":{"line":46,"column":8},"end":{"line":46,"column":102}},"23":{"start":{"line":47,"column":8},"end":{"line":47,"column":84}},"24":{"start":{"line":48,"column":8},"end":{"line":48,"column":15}},"25":{"start":{"line":51,"column":18},"end":{"line":51,"column":38}},"26":{"start":{"line":53,"column":4},"end":{"line":53,"column":53}},"27":{"start":{"line":54,"column":4},"end":{"line":54,"column":65}},"28":{"start":{"line":56,"column":4},"end":{"line":74,"column":6}},"29":{"start":{"line":57,"column":8},"end":{"line":57,"column":65}},"30":{"start":{"line":59,"column":8},"end":{"line":73,"column":9}},"31":{"start":{"line":60,"column":29},"end":{"line":60,"column":61}},"32":{"start":{"line":61,"column":12},"end":{"line":61,"column":65}},"33":{"start":{"line":63,"column":12},"end":{"line":69,"column":13}},"34":{"start":{"line":64,"column":16},"end":{"line":64,"column":100}},"35":{"start":{"line":65,"column":16},"end":{"line":65,"column":93}},"36":{"start":{"line":67,"column":16},"end":{"line":67,"column":105}},"37":{"start":{"line":68,"column":16},"end":{"line":68,"column":92}},"38":{"start":{"line":71,"column":12},"end":{"line":71,"column":101}},"39":{"start":{"line":72,"column":12},"end":{"line":72,"column":88}},"40":{"start":{"line":77,"column":4},"end":{"line":80,"column":6}},"41":{"start":{"line":78,"column":8},"end":{"line":78,"column":106}},"42":{"start":{"line":79,"column":8},"end":{"line":79,"column":84}},"43":{"start":{"line":82,"column":4},"end":{"line":82,"column":43}},"44":{"start":{"line":83,"column":4},"end":{"line":83,"column":40}}},"fnMap":{"0":{"name":"editStudent","decl":{"start":{"line":1,"column":9},"end":{"line":1,"column":20}},"loc":{"start":{"line":1,"column":27},"end":{"line":14,"column":1}},"line":1},"1":{"name":"updateStudent","decl":{"start":{"line":17,"column":9},"end":{"line":17,"column":22}},"loc":{"start":{"line":17,"column":27},"end":{"line":84,"column":1}},"line":17},"2":{"name":"(anonymous_2)","decl":{"start":{"line":56,"column":21},"end":{"line":56,"column":22}},"loc":{"start":{"line":56,"column":33},"end":{"line":74,"column":5}},"line":56},"3":{"name":"(anonymous_3)","decl":{"start":{"line":77,"column":22},"end":{"line":77,"column":23}},"loc":{"start":{"line":77,"column":34},"end":{"line":80,"column":5}},"line":77}},"branchMap":{"0":{"loc":{"start":{"line":30,"column":4},"end":{"line":34,"column":5}},"type":"if","locations":[{"start":{"line":30,"column":4},"end":{"line":34,"column":5}},{"start":{},"end":{}}],"line":30},"1":{"loc":{"start":{"line":30,"column":8},"end":{"line":30,"column":136}},"type":"binary-expr","locations":[{"start":{"line":30,"column":8},"end":{"line":30,"column":22}},{"start":{"line":30,"column":26},"end":{"line":30,"column":45}},{"start":{"line":30,"column":50},"end":{"line":30,"column":73}},{"start":{"line":30,"column":77},"end":{"line":30,"column":92}},{"start":{"line":30,"column":96},"end":{"line":30,"column":116}},{"start":{"line":30,"column":120},"end":{"line":30,"column":136}}],"line":30},"2":{"loc":{"start":{"line":38,"column":4},"end":{"line":42,"column":5}},"type":"if","locations":[{"start":{"line":38,"column":4},"end":{"line":42,"column":5}},{"start":{},"end":{}}],"line":38},"3":{"loc":{"start":{"line":45,"column":4},"end":{"line":49,"column":5}},"type":"if","locations":[{"start":{"line":45,"column":4},"end":{"line":49,"column":5}},{"start":{},"end":{}}],"line":45},"4":{"loc":{"start":{"line":45,"column":8},"end":{"line":45,"column":70}},"type":"binary-expr","locations":[{"start":{"line":45,"column":8},"end":{"line":45,"column":40}},{"start":{"line":45,"column":44},"end":{"line":45,"column":70}}],"line":45},"5":{"loc":{"start":{"line":59,"column":8},"end":{"line":73,"column":9}},"type":"if","locations":[{"start":{"line":59,"column":8},"end":{"line":73,"column":9}},{"start":{"line":70,"column":15},"end":{"line":73,"column":9}}],"line":59},"6":{"loc":{"start":{"line":63,"column":12},"end":{"line":69,"column":13}},"type":"if","locations":[{"start":{"line":63,"column":12},"end":{"line":69,"column":13}},{"start":{"line":66,"column":19},"end":{"line":69,"column":13}}],"line":63}},"s":{"0":4,"1":4,"2":4,"3":4,"4":4,"5":4,"6":4,"7":4,"8":4,"9":4,"10":4,"11":4,"12":4,"13":1,"14":1,"15":1,"16":3,"17":3,"18":1,"19":1,"20":1,"21":2,"22":1,"23":1,"24":1,"25":1,"26":1,"27":1,"28":1,"29":1,"30":1,"31":1,"32":1,"33":1,"34":1,"35":1,"36":0,"37":0,"38":0,"39":0,"40":1,"41":0,"42":0,"43":1,"44":1},"f":{"0":4,"1":4,"2":1,"3":0},"b":{"0":[1,3],"1":[4,3,3,3,3,3],"2":[1,2],"3":[1,1],"4":[2,1],"5":[1,0],"6":[1,0]},"_coverageSchema":"1a1c01bbd47fc00a2c39e90264f33305004495a9","hash":"617c119214e27d8db09265ff8bf0fdd6ade60624"}
,"C:\\Users\\shara\\Documents\\DVOPS_Projects\\StudentSphere-sha\\public\\js\\view_students_frontend.js": {"path":"C:\\Users\\shara\\Documents\\DVOPS_Projects\\StudentSphere-sha\\public\\js\\view_students_frontend.js","statementMap":{"0":{"start":{"line":3,"column":19},"end":{"line":3,"column":21}},"1":{"start":{"line":4,"column":18},"end":{"line":4,"column":38}},"2":{"start":{"line":5,"column":4},"end":{"line":5,"column":48}},"3":{"start":{"line":6,"column":4},"end":{"line":6,"column":65}},"4":{"start":{"line":7,"column":4},"end":{"line":24,"column":6}},"5":{"start":{"line":8,"column":8},"end":{"line":8,"column":52}},"6":{"start":{"line":9,"column":19},"end":{"line":9,"column":21}},"7":{"start":{"line":10,"column":8},"end":{"line":22,"column":9}},"8":{"start":{"line":10,"column":21},"end":{"line":10,"column":22}},"9":{"start":{"line":11,"column":12},"end":{"line":21,"column":23}},"10":{"start":{"line":23,"column":8},"end":{"line":23,"column":65}},"11":{"start":{"line":25,"column":4},"end":{"line":25,"column":19}},"12":{"start":{"line":32,"column":4},"end":{"line":32,"column":60}},"13":{"start":{"line":34,"column":19},"end":{"line":34,"column":78}},"14":{"start":{"line":37,"column":4},"end":{"line":42,"column":5}},"15":{"start":{"line":38,"column":8},"end":{"line":38,"column":102}},"16":{"start":{"line":39,"column":8},"end":{"line":39,"column":86}},"17":{"start":{"line":40,"column":8},"end":{"line":40,"column":47}},"18":{"start":{"line":41,"column":8},"end":{"line":41,"column":30}},"19":{"start":{"line":45,"column":4},"end":{"line":48,"column":5}},"20":{"start":{"line":46,"column":8},"end":{"line":46,"column":71}},"21":{"start":{"line":47,"column":8},"end":{"line":47,"column":30}},"22":{"start":{"line":50,"column":19},"end":{"line":50,"column":21}},"23":{"start":{"line":51,"column":18},"end":{"line":51,"column":38}},"24":{"start":{"line":52,"column":4},"end":{"line":52,"column":90}},"25":{"start":{"line":53,"column":4},"end":{"line":53,"column":65}},"26":{"start":{"line":54,"column":4},"end":{"line":83,"column":6}},"27":{"start":{"line":55,"column":8},"end":{"line":55,"column":52}},"28":{"start":{"line":57,"column":8},"end":{"line":61,"column":9}},"29":{"start":{"line":58,"column":12},"end":{"line":60,"column":23}},"30":{"start":{"line":61,"column":9},"end":{"line":82,"column":9}},"31":{"start":{"line":62,"column":12},"end":{"line":64,"column":23}},"32":{"start":{"line":66,"column":23},"end":{"line":66,"column":25}},"33":{"start":{"line":67,"column":12},"end":{"line":79,"column":13}},"34":{"start":{"line":67,"column":25},"end":{"line":67,"column":26}},"35":{"start":{"line":68,"column":16},"end":{"line":78,"column":27}},"36":{"start":{"line":80,"column":12},"end":{"line":80,"column":69}},"37":{"start":{"line":81,"column":12},"end":{"line":81,"column":75}},"38":{"start":{"line":84,"column":4},"end":{"line":84,"column":19}}},"fnMap":{"0":{"name":"viewStudents","decl":{"start":{"line":2,"column":9},"end":{"line":2,"column":21}},"loc":{"start":{"line":2,"column":24},"end":{"line":26,"column":1}},"line":2},"1":{"name":"(anonymous_1)","decl":{"start":{"line":7,"column":21},"end":{"line":7,"column":22}},"loc":{"start":{"line":7,"column":33},"end":{"line":24,"column":5}},"line":7},"2":{"name":"filterStudentsByCourse","decl":{"start":{"line":29,"column":9},"end":{"line":29,"column":31}},"loc":{"start":{"line":29,"column":34},"end":{"line":85,"column":1}},"line":29},"3":{"name":"(anonymous_3)","decl":{"start":{"line":54,"column":21},"end":{"line":54,"column":22}},"loc":{"start":{"line":54,"column":33},"end":{"line":83,"column":5}},"line":54}},"branchMap":{"0":{"loc":{"start":{"line":37,"column":4},"end":{"line":42,"column":5}},"type":"if","locations":[{"start":{"line":37,"column":4},"end":{"line":42,"column":5}},{"start":{},"end":{}}],"line":37},"1":{"loc":{"start":{"line":37,"column":8},"end":{"line":37,"column":55}},"type":"binary-expr","locations":[{"start":{"line":37,"column":8},"end":{"line":37,"column":20}},{"start":{"line":37,"column":24},"end":{"line":37,"column":31}},{"start":{"line":37,"column":35},"end":{"line":37,"column":55}}],"line":37},"2":{"loc":{"start":{"line":45,"column":4},"end":{"line":48,"column":5}},"type":"if","locations":[{"start":{"line":45,"column":4},"end":{"line":48,"column":5}},{"start":{},"end":{}}],"line":45},"3":{"loc":{"start":{"line":57,"column":8},"end":{"line":61,"column":9}},"type":"if","locations":[{"start":{"line":57,"column":8},"end":{"line":61,"column":9}},{"start":{},"end":{}}],"line":57},"4":{"loc":{"start":{"line":61,"column":9},"end":{"line":82,"column":9}},"type":"if","locations":[{"start":{"line":61,"column":9},"end":{"line":82,"column":9}},{"start":{"line":65,"column":15},"end":{"line":82,"column":9}}],"line":61}},"s":{"0":5,"1":5,"2":5,"3":5,"4":5,"5":5,"6":5,"7":5,"8":5,"9":35,"10":5,"11":5,"12":0,"13":0,"14":0,"15":0,"16":0,"17":0,"18":0,"19":0,"20":0,"21":0,"22":0,"23":0,"24":0,"25":0,"26":0,"27":0,"28":0,"29":0,"30":0,"31":0,"32":0,"33":0,"34":0,"35":0,"36":0,"37":0,"38":0},"f":{"0":5,"1":5,"2":0,"3":0},"b":{"0":[0,0],"1":[0,0,0],"2":[0,0],"3":[0,0],"4":[0,0]},"_coverageSchema":"1a1c01bbd47fc00a2c39e90264f33305004495a9","hash":"2832569168ac4e03390d955c5a2679a87b6c0b4d"}
}
