{"C:\\Users\\shara\\Documents\\DVOPS_Projects\\StudentSphere-sha\\public\\js\\addstudent.js": {"path":"C:\\Users\\shara\\Documents\\DVOPS_Projects\\StudentSphere-sha\\public\\js\\addstudent.js","statementMap":{"0":{"start":{"line":2,"column":19},"end":{"line":2,"column":21}},"1":{"start":{"line":3,"column":19},"end":{"line":3,"column":31}},"2":{"start":{"line":6,"column":4},"end":{"line":6,"column":58}},"3":{"start":{"line":7,"column":4},"end":{"line":7,"column":68}},"4":{"start":{"line":8,"column":4},"end":{"line":8,"column":76}},"5":{"start":{"line":9,"column":4},"end":{"line":9,"column":60}},"6":{"start":{"line":10,"column":4},"end":{"line":10,"column":70}},"7":{"start":{"line":11,"column":4},"end":{"line":11,"column":62}},"8":{"start":{"line":14,"column":4},"end":{"line":25,"column":5}},"9":{"start":{"line":22,"column":8},"end":{"line":22,"column":82}},"10":{"start":{"line":23,"column":8},"end":{"line":23,"column":80}},"11":{"start":{"line":24,"column":8},"end":{"line":24,"column":15}},"12":{"start":{"line":28,"column":18},"end":{"line":28,"column":38}},"13":{"start":{"line":29,"column":4},"end":{"line":29,"column":47}},"14":{"start":{"line":30,"column":4},"end":{"line":30,"column":65}},"15":{"start":{"line":31,"column":4},"end":{"line":57,"column":6}},"16":{"start":{"line":32,"column":8},"end":{"line":32,"column":52}},"17":{"start":{"line":33,"column":8},"end":{"line":33,"column":30}},"18":{"start":{"line":35,"column":8},"end":{"line":56,"column":9}},"19":{"start":{"line":36,"column":12},"end":{"line":36,"column":99}},"20":{"start":{"line":37,"column":12},"end":{"line":37,"column":85}},"21":{"start":{"line":40,"column":12},"end":{"line":40,"column":55}},"22":{"start":{"line":41,"column":12},"end":{"line":41,"column":60}},"23":{"start":{"line":42,"column":12},"end":{"line":42,"column":64}},"24":{"start":{"line":43,"column":12},"end":{"line":43,"column":56}},"25":{"start":{"line":44,"column":12},"end":{"line":44,"column":61}},"26":{"start":{"line":45,"column":12},"end":{"line":45,"column":57}},"27":{"start":{"line":48,"column":12},"end":{"line":48,"column":48}},"28":{"start":{"line":49,"column":15},"end":{"line":56,"column":9}},"29":{"start":{"line":51,"column":12},"end":{"line":51,"column":76}},"30":{"start":{"line":52,"column":12},"end":{"line":52,"column":84}},"31":{"start":{"line":54,"column":12},"end":{"line":54,"column":84}},"32":{"start":{"line":55,"column":12},"end":{"line":55,"column":84}},"33":{"start":{"line":60,"column":4},"end":{"line":60,"column":43}}},"fnMap":{"0":{"name":"addStudent","decl":{"start":{"line":1,"column":9},"end":{"line":1,"column":19}},"loc":{"start":{"line":1,"column":22},"end":{"line":61,"column":1}},"line":1},"1":{"name":"(anonymous_1)","decl":{"start":{"line":31,"column":21},"end":{"line":31,"column":22}},"loc":{"start":{"line":31,"column":33},"end":{"line":57,"column":5}},"line":31}},"branchMap":{"0":{"loc":{"start":{"line":14,"column":4},"end":{"line":25,"column":5}},"type":"if","locations":[{"start":{"line":14,"column":4},"end":{"line":25,"column":5}},{"start":{},"end":{}}],"line":14},"1":{"loc":{"start":{"line":15,"column":8},"end":{"line":20,"column":30}},"type":"binary-expr","locations":[{"start":{"line":15,"column":8},"end":{"line":15,"column":28}},{"start":{"line":16,"column":8},"end":{"line":16,"column":33}},{"start":{"line":17,"column":8},"end":{"line":17,"column":37}},{"start":{"line":18,"column":8},"end":{"line":18,"column":29}},{"start":{"line":19,"column":8},"end":{"line":19,"column":34}},{"start":{"line":20,"column":8},"end":{"line":20,"column":30}}],"line":15},"2":{"loc":{"start":{"line":35,"column":8},"end":{"line":56,"column":9}},"type":"if","locations":[{"start":{"line":35,"column":8},"end":{"line":56,"column":9}},{"start":{"line":49,"column":15},"end":{"line":56,"column":9}}],"line":35},"3":{"loc":{"start":{"line":49,"column":15},"end":{"line":56,"column":9}},"type":"if","locations":[{"start":{"line":49,"column":15},"end":{"line":56,"column":9}},{"start":{"line":53,"column":15},"end":{"line":56,"column":9}}],"line":49}},"s":{"0":0,"1":0,"2":0,"3":0,"4":0,"5":0,"6":0,"7":0,"8":0,"9":0,"10":0,"11":0,"12":0,"13":0,"14":0,"15":0,"16":0,"17":0,"18":0,"19":0,"20":0,"21":0,"22":0,"23":0,"24":0,"25":0,"26":0,"27":0,"28":0,"29":0,"30":0,"31":0,"32":0,"33":0},"f":{"0":0,"1":0},"b":{"0":[0,0],"1":[0,0,0,0,0,0],"2":[0,0],"3":[0,0]},"_coverageSchema":"1a1c01bbd47fc00a2c39e90264f33305004495a9","hash":"84b4f4b4734aae6822880a724b1312db362369a0"}
,"C:\\Users\\shara\\Documents\\DVOPS_Projects\\StudentSphere-sha\\public\\js\\updateStudent.js": {"path":"C:\\Users\\shara\\Documents\\DVOPS_Projects\\StudentSphere-sha\\public\\js\\updateStudent.js","statementMap":{"0":{"start":{"line":2,"column":26},"end":{"line":2,"column":42}},"1":{"start":{"line":4,"column":4},"end":{"line":4,"column":79}},"2":{"start":{"line":5,"column":4},"end":{"line":5,"column":69}},"3":{"start":{"line":6,"column":4},"end":{"line":6,"column":87}},"4":{"start":{"line":7,"column":4},"end":{"line":7,"column":71}},"5":{"start":{"line":8,"column":4},"end":{"line":8,"column":81}},"6":{"start":{"line":9,"column":4},"end":{"line":9,"column":73}},"7":{"start":{"line":11,"column":4},"end":{"line":11,"column":115}},"8":{"start":{"line":13,"column":8},"end":{"line":13,"column":45}},"9":{"start":{"line":19,"column":4},"end":{"line":19,"column":19}},"10":{"start":{"line":20,"column":19},"end":{"line":20,"column":21}},"11":{"start":{"line":22,"column":19},"end":{"line":22,"column":31}},"12":{"start":{"line":23,"column":4},"end":{"line":23,"column":79}},"13":{"start":{"line":24,"column":4},"end":{"line":24,"column":69}},"14":{"start":{"line":25,"column":4},"end":{"line":25,"column":87}},"15":{"start":{"line":26,"column":4},"end":{"line":26,"column":71}},"16":{"start":{"line":27,"column":4},"end":{"line":27,"column":81}},"17":{"start":{"line":28,"column":4},"end":{"line":28,"column":73}},"18":{"start":{"line":30,"column":4},"end":{"line":34,"column":5}},"19":{"start":{"line":31,"column":12},"end":{"line":31,"column":121}},"20":{"start":{"line":32,"column":12},"end":{"line":32,"column":88}},"21":{"start":{"line":33,"column":8},"end":{"line":33,"column":15}},"22":{"start":{"line":36,"column":18},"end":{"line":36,"column":38}},"23":{"start":{"line":38,"column":4},"end":{"line":38,"column":53}},"24":{"start":{"line":39,"column":4},"end":{"line":39,"column":65}},"25":{"start":{"line":41,"column":4},"end":{"line":53,"column":6}},"26":{"start":{"line":42,"column":8},"end":{"line":42,"column":52}},"27":{"start":{"line":44,"column":8},"end":{"line":52,"column":9}},"28":{"start":{"line":45,"column":12},"end":{"line":45,"column":116}},"29":{"start":{"line":46,"column":12},"end":{"line":46,"column":89}},"30":{"start":{"line":47,"column":12},"end":{"line":47,"column":48}},"31":{"start":{"line":50,"column":12},"end":{"line":50,"column":101}},"32":{"start":{"line":51,"column":12},"end":{"line":51,"column":88}},"33":{"start":{"line":54,"column":4},"end":{"line":54,"column":43}},"34":{"start":{"line":55,"column":4},"end":{"line":55,"column":26}}},"fnMap":{"0":{"name":"editStudent","decl":{"start":{"line":1,"column":9},"end":{"line":1,"column":20}},"loc":{"start":{"line":1,"column":27},"end":{"line":15,"column":1}},"line":1},"1":{"name":"updateStudent","decl":{"start":{"line":18,"column":9},"end":{"line":18,"column":22}},"loc":{"start":{"line":18,"column":27},"end":{"line":57,"column":1}},"line":18},"2":{"name":"(anonymous_2)","decl":{"start":{"line":41,"column":21},"end":{"line":41,"column":22}},"loc":{"start":{"line":41,"column":33},"end":{"line":53,"column":5}},"line":41}},"branchMap":{"0":{"loc":{"start":{"line":30,"column":4},"end":{"line":34,"column":5}},"type":"if","locations":[{"start":{"line":30,"column":4},"end":{"line":34,"column":5}},{"start":{},"end":{}}],"line":30},"1":{"loc":{"start":{"line":30,"column":8},"end":{"line":30,"column":136}},"type":"binary-expr","locations":[{"start":{"line":30,"column":8},"end":{"line":30,"column":22}},{"start":{"line":30,"column":26},"end":{"line":30,"column":45}},{"start":{"line":30,"column":50},"end":{"line":30,"column":73}},{"start":{"line":30,"column":77},"end":{"line":30,"column":92}},{"start":{"line":30,"column":96},"end":{"line":30,"column":116}},{"start":{"line":30,"column":120},"end":{"line":30,"column":136}}],"line":30},"2":{"loc":{"start":{"line":44,"column":8},"end":{"line":52,"column":9}},"type":"if","locations":[{"start":{"line":44,"column":8},"end":{"line":52,"column":9}},{"start":{"line":49,"column":13},"end":{"line":52,"column":9}}],"line":44}},"s":{"0":1,"1":1,"2":1,"3":1,"4":1,"5":1,"6":1,"7":1,"8":1,"9":1,"10":1,"11":1,"12":1,"13":1,"14":1,"15":1,"16":1,"17":1,"18":1,"19":0,"20":0,"21":0,"22":1,"23":1,"24":1,"25":1,"26":1,"27":1,"28":0,"29":0,"30":0,"31":1,"32":1,"33":1,"34":1},"f":{"0":1,"1":1,"2":1},"b":{"0":[0,1],"1":[1,1,1,1,1,1],"2":[0,1]},"_coverageSchema":"1a1c01bbd47fc00a2c39e90264f33305004495a9","hash":"488ccddebf8ec5c7d5f833db5675af4d27e6b221"}
,"C:\\Users\\shara\\Documents\\DVOPS_Projects\\StudentSphere-sha\\public\\js\\view_students_frontend.js": {"path":"C:\\Users\\shara\\Documents\\DVOPS_Projects\\StudentSphere-sha\\public\\js\\view_students_frontend.js","statementMap":{"0":{"start":{"line":3,"column":19},"end":{"line":3,"column":21}},"1":{"start":{"line":4,"column":18},"end":{"line":4,"column":38}},"2":{"start":{"line":5,"column":4},"end":{"line":5,"column":48}},"3":{"start":{"line":6,"column":4},"end":{"line":6,"column":65}},"4":{"start":{"line":7,"column":4},"end":{"line":24,"column":6}},"5":{"start":{"line":8,"column":8},"end":{"line":8,"column":52}},"6":{"start":{"line":9,"column":19},"end":{"line":9,"column":21}},"7":{"start":{"line":10,"column":8},"end":{"line":22,"column":9}},"8":{"start":{"line":10,"column":21},"end":{"line":10,"column":22}},"9":{"start":{"line":11,"column":12},"end":{"line":21,"column":23}},"10":{"start":{"line":23,"column":8},"end":{"line":23,"column":65}},"11":{"start":{"line":25,"column":4},"end":{"line":25,"column":19}},"12":{"start":{"line":32,"column":4},"end":{"line":32,"column":60}},"13":{"start":{"line":34,"column":19},"end":{"line":34,"column":78}},"14":{"start":{"line":37,"column":4},"end":{"line":42,"column":5}},"15":{"start":{"line":38,"column":8},"end":{"line":38,"column":102}},"16":{"start":{"line":39,"column":8},"end":{"line":39,"column":86}},"17":{"start":{"line":40,"column":8},"end":{"line":40,"column":47}},"18":{"start":{"line":41,"column":8},"end":{"line":41,"column":30}},"19":{"start":{"line":45,"column":4},"end":{"line":48,"column":5}},"20":{"start":{"line":46,"column":8},"end":{"line":46,"column":71}},"21":{"start":{"line":47,"column":8},"end":{"line":47,"column":30}},"22":{"start":{"line":50,"column":19},"end":{"line":50,"column":21}},"23":{"start":{"line":51,"column":18},"end":{"line":51,"column":38}},"24":{"start":{"line":52,"column":4},"end":{"line":52,"column":90}},"25":{"start":{"line":53,"column":4},"end":{"line":53,"column":65}},"26":{"start":{"line":54,"column":4},"end":{"line":83,"column":6}},"27":{"start":{"line":55,"column":8},"end":{"line":55,"column":52}},"28":{"start":{"line":57,"column":8},"end":{"line":61,"column":9}},"29":{"start":{"line":58,"column":12},"end":{"line":60,"column":23}},"30":{"start":{"line":61,"column":9},"end":{"line":82,"column":9}},"31":{"start":{"line":62,"column":12},"end":{"line":64,"column":23}},"32":{"start":{"line":66,"column":23},"end":{"line":66,"column":25}},"33":{"start":{"line":67,"column":12},"end":{"line":79,"column":13}},"34":{"start":{"line":67,"column":25},"end":{"line":67,"column":26}},"35":{"start":{"line":68,"column":16},"end":{"line":78,"column":27}},"36":{"start":{"line":80,"column":12},"end":{"line":80,"column":69}},"37":{"start":{"line":81,"column":12},"end":{"line":81,"column":75}},"38":{"start":{"line":84,"column":4},"end":{"line":84,"column":19}}},"fnMap":{"0":{"name":"viewStudents","decl":{"start":{"line":2,"column":9},"end":{"line":2,"column":21}},"loc":{"start":{"line":2,"column":24},"end":{"line":26,"column":1}},"line":2},"1":{"name":"(anonymous_1)","decl":{"start":{"line":7,"column":21},"end":{"line":7,"column":22}},"loc":{"start":{"line":7,"column":33},"end":{"line":24,"column":5}},"line":7},"2":{"name":"filterStudentsByCourse","decl":{"start":{"line":29,"column":9},"end":{"line":29,"column":31}},"loc":{"start":{"line":29,"column":34},"end":{"line":85,"column":1}},"line":29},"3":{"name":"(anonymous_3)","decl":{"start":{"line":54,"column":21},"end":{"line":54,"column":22}},"loc":{"start":{"line":54,"column":33},"end":{"line":83,"column":5}},"line":54}},"branchMap":{"0":{"loc":{"start":{"line":37,"column":4},"end":{"line":42,"column":5}},"type":"if","locations":[{"start":{"line":37,"column":4},"end":{"line":42,"column":5}},{"start":{},"end":{}}],"line":37},"1":{"loc":{"start":{"line":37,"column":8},"end":{"line":37,"column":55}},"type":"binary-expr","locations":[{"start":{"line":37,"column":8},"end":{"line":37,"column":20}},{"start":{"line":37,"column":24},"end":{"line":37,"column":31}},{"start":{"line":37,"column":35},"end":{"line":37,"column":55}}],"line":37},"2":{"loc":{"start":{"line":45,"column":4},"end":{"line":48,"column":5}},"type":"if","locations":[{"start":{"line":45,"column":4},"end":{"line":48,"column":5}},{"start":{},"end":{}}],"line":45},"3":{"loc":{"start":{"line":57,"column":8},"end":{"line":61,"column":9}},"type":"if","locations":[{"start":{"line":57,"column":8},"end":{"line":61,"column":9}},{"start":{},"end":{}}],"line":57},"4":{"loc":{"start":{"line":61,"column":9},"end":{"line":82,"column":9}},"type":"if","locations":[{"start":{"line":61,"column":9},"end":{"line":82,"column":9}},{"start":{"line":65,"column":15},"end":{"line":82,"column":9}}],"line":61}},"s":{"0":2,"1":2,"2":2,"3":2,"4":2,"5":2,"6":2,"7":2,"8":2,"9":14,"10":2,"11":2,"12":0,"13":0,"14":0,"15":0,"16":0,"17":0,"18":0,"19":0,"20":0,"21":0,"22":0,"23":0,"24":0,"25":0,"26":0,"27":0,"28":0,"29":0,"30":0,"31":0,"32":0,"33":0,"34":0,"35":0,"36":0,"37":0,"38":0},"f":{"0":2,"1":2,"2":0,"3":0},"b":{"0":[0,0],"1":[0,0,0],"2":[0,0],"3":[0,0],"4":[0,0]},"_coverageSchema":"1a1c01bbd47fc00a2c39e90264f33305004495a9","hash":"2832569168ac4e03390d955c5a2679a87b6c0b4d"}
,"C:\\Users\\shara\\Documents\\DVOPS_Projects\\StudentSphere-sha\\utils\\addStudentUtil.js": {"path":"C:\\Users\\shara\\Documents\\DVOPS_Projects\\StudentSphere-sha\\utils\\addStudentUtil.js","statementMap":{"0":{"start":{"line":1,"column":20},"end":{"line":1,"column":48}},"1":{"start":{"line":2,"column":11},"end":{"line":2,"column":33}},"2":{"start":{"line":5,"column":4},"end":{"line":8,"column":52}},"3":{"start":{"line":6,"column":21},"end":{"line":6,"column":56}},"4":{"start":{"line":7,"column":8},"end":{"line":7,"column":32}},"5":{"start":{"line":8,"column":20},"end":{"line":8,"column":39}},"6":{"start":{"line":8,"column":40},"end":{"line":8,"column":50}},"7":{"start":{"line":11,"column":4},"end":{"line":16,"column":52}},"8":{"start":{"line":12,"column":27},"end":{"line":12,"column":51}},"9":{"start":{"line":13,"column":8},"end":{"line":13,"column":32}},"10":{"start":{"line":14,"column":8},"end":{"line":14,"column":73}},"11":{"start":{"line":15,"column":8},"end":{"line":15,"column":26}},"12":{"start":{"line":16,"column":20},"end":{"line":16,"column":39}},"13":{"start":{"line":16,"column":40},"end":{"line":16,"column":50}},"14":{"start":{"line":19,"column":4},"end":{"line":36,"column":5}},"15":{"start":{"line":20,"column":78},"end":{"line":20,"column":86}},"16":{"start":{"line":23,"column":8},"end":{"line":25,"column":9}},"17":{"start":{"line":24,"column":12},"end":{"line":24,"column":77}},"18":{"start":{"line":26,"column":8},"end":{"line":28,"column":9}},"19":{"start":{"line":27,"column":12},"end":{"line":27,"column":79}},"20":{"start":{"line":30,"column":27},"end":{"line":30,"column":97}},"21":{"start":{"line":31,"column":32},"end":{"line":31,"column":82}},"22":{"start":{"line":33,"column":8},"end":{"line":33,"column":53}},"23":{"start":{"line":35,"column":8},"end":{"line":35,"column":64}},"24":{"start":{"line":39,"column":0},"end":{"line":41,"column":2}}},"fnMap":{"0":{"name":"readJSON","decl":{"start":{"line":4,"column":15},"end":{"line":4,"column":23}},"loc":{"start":{"line":4,"column":34},"end":{"line":9,"column":1}},"line":4},"1":{"name":"writeJSON","decl":{"start":{"line":10,"column":15},"end":{"line":10,"column":24}},"loc":{"start":{"line":10,"column":43},"end":{"line":17,"column":1}},"line":10},"2":{"name":"addStudent","decl":{"start":{"line":18,"column":15},"end":{"line":18,"column":25}},"loc":{"start":{"line":18,"column":36},"end":{"line":37,"column":1}},"line":18}},"branchMap":{"0":{"loc":{"start":{"line":23,"column":8},"end":{"line":25,"column":9}},"type":"if","locations":[{"start":{"line":23,"column":8},"end":{"line":25,"column":9}},{"start":{},"end":{}}],"line":23},"1":{"loc":{"start":{"line":23,"column":12},"end":{"line":23,"column":56}},"type":"binary-expr","locations":[{"start":{"line":23,"column":12},"end":{"line":23,"column":32}},{"start":{"line":23,"column":36},"end":{"line":23,"column":56}}],"line":23},"2":{"loc":{"start":{"line":26,"column":8},"end":{"line":28,"column":9}},"type":"if","locations":[{"start":{"line":26,"column":8},"end":{"line":28,"column":9}},{"start":{},"end":{}}],"line":26},"3":{"loc":{"start":{"line":26,"column":12},"end":{"line":26,"column":54}},"type":"binary-expr","locations":[{"start":{"line":26,"column":12},"end":{"line":26,"column":33}},{"start":{"line":26,"column":37},"end":{"line":26,"column":54}}],"line":26}},"s":{"0":1,"1":1,"2":0,"3":0,"4":0,"5":0,"6":0,"7":0,"8":0,"9":0,"10":0,"11":0,"12":0,"13":0,"14":0,"15":0,"16":0,"17":0,"18":0,"19":0,"20":0,"21":0,"22":0,"23":0,"24":1},"f":{"0":0,"1":0,"2":0},"b":{"0":[0,0],"1":[0,0],"2":[0,0],"3":[0,0]},"_coverageSchema":"1a1c01bbd47fc00a2c39e90264f33305004495a9","hash":"43ac72e59c1e809360ad4e9e7b7118471a415baf","contentHash":"438af3a600b30a02f59a4d4b330f9ab918e910c68f34d8b799595561b4321fa6"}
,"C:\\Users\\shara\\Documents\\DVOPS_Projects\\StudentSphere-sha\\utils\\updateStudentUtil.js": {"path":"C:\\Users\\shara\\Documents\\DVOPS_Projects\\StudentSphere-sha\\utils\\updateStudentUtil.js","statementMap":{"0":{"start":{"line":1,"column":25},"end":{"line":1,"column":38}},"1":{"start":{"line":4,"column":4},"end":{"line":10,"column":5}},"2":{"start":{"line":5,"column":21},"end":{"line":5,"column":56}},"3":{"start":{"line":6,"column":8},"end":{"line":6,"column":32}},"4":{"start":{"line":8,"column":8},"end":{"line":8,"column":62}},"5":{"start":{"line":9,"column":8},"end":{"line":9,"column":48}},"6":{"start":{"line":14,"column":4},"end":{"line":19,"column":5}},"7":{"start":{"line":15,"column":8},"end":{"line":15,"column":76}},"8":{"start":{"line":17,"column":8},"end":{"line":17,"column":65}},"9":{"start":{"line":18,"column":8},"end":{"line":18,"column":48}},"10":{"start":{"line":23,"column":4},"end":{"line":53,"column":5}},"11":{"start":{"line":24,"column":19},"end":{"line":24,"column":32}},"12":{"start":{"line":25,"column":21},"end":{"line":25,"column":34}},"13":{"start":{"line":26,"column":26},"end":{"line":26,"column":44}},"14":{"start":{"line":27,"column":30},"end":{"line":27,"column":52}},"15":{"start":{"line":28,"column":22},"end":{"line":28,"column":36}},"16":{"start":{"line":29,"column":27},"end":{"line":29,"column":46}},"17":{"start":{"line":30,"column":23},"end":{"line":30,"column":38}},"18":{"start":{"line":31,"column":28},"end":{"line":31,"column":65}},"19":{"start":{"line":32,"column":23},"end":{"line":32,"column":28}},"20":{"start":{"line":33,"column":8},"end":{"line":44,"column":9}},"21":{"start":{"line":33,"column":21},"end":{"line":33,"column":22}},"22":{"start":{"line":34,"column":34},"end":{"line":34,"column":48}},"23":{"start":{"line":35,"column":12},"end":{"line":43,"column":13}},"24":{"start":{"line":36,"column":16},"end":{"line":36,"column":43}},"25":{"start":{"line":37,"column":16},"end":{"line":37,"column":57}},"26":{"start":{"line":38,"column":16},"end":{"line":38,"column":61}},"27":{"start":{"line":39,"column":16},"end":{"line":39,"column":45}},"28":{"start":{"line":40,"column":16},"end":{"line":40,"column":55}},"29":{"start":{"line":41,"column":16},"end":{"line":41,"column":47}},"30":{"start":{"line":42,"column":16},"end":{"line":42,"column":32}},"31":{"start":{"line":45,"column":8},"end":{"line":50,"column":9}},"32":{"start":{"line":46,"column":12},"end":{"line":46,"column":91}},"33":{"start":{"line":47,"column":12},"end":{"line":47,"column":87}},"34":{"start":{"line":49,"column":12},"end":{"line":49,"column":75}},"35":{"start":{"line":52,"column":8},"end":{"line":52,"column":64}},"36":{"start":{"line":56,"column":0},"end":{"line":60,"column":2}}},"fnMap":{"0":{"name":"readJSON","decl":{"start":{"line":3,"column":15},"end":{"line":3,"column":23}},"loc":{"start":{"line":3,"column":34},"end":{"line":11,"column":1}},"line":3},"1":{"name":"writeJSON","decl":{"start":{"line":13,"column":15},"end":{"line":13,"column":24}},"loc":{"start":{"line":13,"column":41},"end":{"line":20,"column":1}},"line":13},"2":{"name":"editStudent","decl":{"start":{"line":22,"column":15},"end":{"line":22,"column":26}},"loc":{"start":{"line":22,"column":37},"end":{"line":54,"column":1}},"line":22}},"branchMap":{"0":{"loc":{"start":{"line":35,"column":12},"end":{"line":43,"column":13}},"type":"if","locations":[{"start":{"line":35,"column":12},"end":{"line":43,"column":13}},{"start":{},"end":{}}],"line":35},"1":{"loc":{"start":{"line":45,"column":8},"end":{"line":50,"column":9}},"type":"if","locations":[{"start":{"line":45,"column":8},"end":{"line":50,"column":9}},{"start":{"line":48,"column":15},"end":{"line":50,"column":9}}],"line":45}},"s":{"0":1,"1":2,"2":2,"3":2,"4":0,"5":0,"6":0,"7":0,"8":0,"9":0,"10":2,"11":2,"12":2,"13":2,"14":2,"15":2,"16":2,"17":2,"18":2,"19":2,"20":2,"21":2,"22":14,"23":14,"24":1,"25":1,"26":1,"27":1,"28":1,"29":1,"30":1,"31":2,"32":1,"33":1,"34":1,"35":0,"36":1},"f":{"0":2,"1":0,"2":2},"b":{"0":[1,13],"1":[1,1]},"_coverageSchema":"1a1c01bbd47fc00a2c39e90264f33305004495a9","hash":"ee58a088b739cdef8fa964dd6e3c045001f0d2e0","contentHash":"01279c7534bc26d7641b42b4fe3cb7b6dab2b33e547f7996f4e696a9a621d86c"}
,"C:\\Users\\shara\\Documents\\DVOPS_Projects\\StudentSphere-sha\\utils\\view_students.js": {"path":"C:\\Users\\shara\\Documents\\DVOPS_Projects\\StudentSphere-sha\\utils\\view_students.js","statementMap":{"0":{"start":{"line":1,"column":18},"end":{"line":1,"column":52}},"1":{"start":{"line":4,"column":4},"end":{"line":9,"column":5}},"2":{"start":{"line":5,"column":28},"end":{"line":5,"column":65}},"3":{"start":{"line":6,"column":8},"end":{"line":6,"column":49}},"4":{"start":{"line":8,"column":8},"end":{"line":8,"column":62}},"5":{"start":{"line":13,"column":4},"end":{"line":22,"column":5}},"6":{"start":{"line":14,"column":26},"end":{"line":14,"column":63}},"7":{"start":{"line":15,"column":29},"end":{"line":15,"column":49}},"8":{"start":{"line":16,"column":33},"end":{"line":16,"column":151}},"9":{"start":{"line":16,"column":99},"end":{"line":16,"column":150}},"10":{"start":{"line":17,"column":8},"end":{"line":17,"column":43}},"11":{"start":{"line":20,"column":8},"end":{"line":20,"column":29}},"12":{"start":{"line":21,"column":8},"end":{"line":21,"column":20}},"13":{"start":{"line":25,"column":0},"end":{"line":27,"column":2}}},"fnMap":{"0":{"name":"viewStudents","decl":{"start":{"line":3,"column":15},"end":{"line":3,"column":27}},"loc":{"start":{"line":3,"column":36},"end":{"line":10,"column":1}},"line":3},"1":{"name":"filterStudentsByCourse","decl":{"start":{"line":12,"column":15},"end":{"line":12,"column":37}},"loc":{"start":{"line":12,"column":45},"end":{"line":23,"column":1}},"line":12},"2":{"name":"(anonymous_2)","decl":{"start":{"line":16,"column":90},"end":{"line":16,"column":91}},"loc":{"start":{"line":16,"column":99},"end":{"line":16,"column":150}},"line":16}},"branchMap":{"0":{"loc":{"start":{"line":16,"column":33},"end":{"line":16,"column":151}},"type":"cond-expr","locations":[{"start":{"line":16,"column":57},"end":{"line":16,"column":68}},{"start":{"line":16,"column":71},"end":{"line":16,"column":151}}],"line":16}},"s":{"0":1,"1":0,"2":0,"3":0,"4":0,"5":0,"6":0,"7":0,"8":0,"9":0,"10":0,"11":0,"12":0,"13":1},"f":{"0":0,"1":0,"2":0},"b":{"0":[0,0]},"_coverageSchema":"1a1c01bbd47fc00a2c39e90264f33305004495a9","hash":"c4032888badbafc2ad71a1f5b0233f113e421582","contentHash":"ee49f64507db7f1d62c65010e1241bf9618d9bd3ad473e508116196544c22c20"}
}
