{"total": {"lines":{"total":114,"covered":52,"skipped":0,"pct":45.61},"statements":{"total":116,"covered":53,"skipped":0,"pct":45.68},"functions":{"total":9,"covered":5,"skipped":0,"pct":55.55},"branches":{"total":39,"covered":15,"skipped":0,"pct":38.46},"branchesTrue":{"total":0,"covered":0,"skipped":0,"pct":"Unknown"}}
,"C:\\Users\\shara\\Documents\\DVOPS_Projects\\StudentSphere-sha\\public\\js\\addstudent.js": {"lines":{"total":34,"covered":0,"skipped":0,"pct":0},"functions":{"total":2,"covered":0,"skipped":0,"pct":0},"statements":{"total":34,"covered":0,"skipped":0,"pct":0},"branches":{"total":12,"covered":0,"skipped":0,"pct":0}}
,"C:\\Users\\shara\\Documents\\DVOPS_Projects\\StudentSphere-sha\\public\\js\\updateStudent.js": {"lines":{"total":43,"covered":41,"skipped":0,"pct":95.34},"functions":{"total":3,"covered":3,"skipped":0,"pct":100},"statements":{"total":43,"covered":41,"skipped":0,"pct":95.34},"branches":{"total":16,"covered":15,"skipped":0,"pct":93.75}}
,"C:\\Users\\shara\\Documents\\DVOPS_Projects\\StudentSphere-sha\\public\\js\\view_students_frontend.js": {"lines":{"total":37,"covered":11,"skipped":0,"pct":29.72},"functions":{"total":4,"covered":2,"skipped":0,"pct":50},"statements":{"total":39,"covered":12,"skipped":0,"pct":30.76},"branches":{"total":11,"covered":0,"skipped":0,"pct":0}}
}
