TN:
SF:public\js\addstudent.js
FN:1,addStudent
FN:31,(anonymous_1)
FNF:2
FNH:0
FNDA:0,addStudent
FNDA:0,(anonymous_1)
DA:2,0
DA:3,0
DA:6,0
DA:7,0
DA:8,0
DA:9,0
DA:10,0
DA:11,0
DA:14,0
DA:22,0
DA:23,0
DA:24,0
DA:28,0
DA:29,0
DA:30,0
DA:31,0
DA:32,0
DA:33,0
DA:35,0
DA:36,0
DA:37,0
DA:40,0
DA:41,0
DA:42,0
DA:43,0
DA:44,0
DA:45,0
DA:48,0
DA:49,0
DA:51,0
DA:52,0
DA:54,0
DA:55,0
DA:60,0
LF:34
LH:0
BRDA:14,0,0,0
BRDA:14,0,1,0
BRDA:15,1,0,0
BRDA:15,1,1,0
BRDA:15,1,2,0
BRDA:15,1,3,0
BRDA:15,1,4,0
BRDA:15,1,5,0
BRDA:35,2,0,0
BRDA:35,2,1,0
BRDA:49,3,0,0
BRDA:49,3,1,0
BRF:12
BRH:0
end_of_record
TN:
SF:public\js\updateStudent.js
FN:1,editStudent
FN:18,updateStudent
FN:41,(anonymous_2)
FNF:3
FNH:3
FNDA:1,editStudent
FNDA:1,updateStudent
FNDA:1,(anonymous_2)
DA:2,1
DA:4,1
DA:5,1
DA:6,1
DA:7,1
DA:8,1
DA:9,1
DA:11,1
DA:13,1
DA:19,1
DA:20,1
DA:22,1
DA:23,1
DA:24,1
DA:25,1
DA:26,1
DA:27,1
DA:28,1
DA:30,1
DA:31,0
DA:32,0
DA:33,0
DA:36,1
DA:38,1
DA:39,1
DA:41,1
DA:42,1
DA:44,1
DA:45,0
DA:46,0
DA:47,0
DA:50,1
DA:51,1
DA:54,1
DA:55,1
LF:35
LH:29
BRDA:30,0,0,0
BRDA:30,0,1,1
BRDA:30,1,0,1
BRDA:30,1,1,1
BRDA:30,1,2,1
BRDA:30,1,3,1
BRDA:30,1,4,1
BRDA:30,1,5,1
BRDA:44,2,0,0
BRDA:44,2,1,1
BRF:10
BRH:8
end_of_record
TN:
SF:public\js\view_students_frontend.js
FN:2,viewStudents
FN:7,(anonymous_1)
FN:29,filterStudentsByCourse
FN:54,(anonymous_3)
FNF:4
FNH:2
FNDA:2,viewStudents
FNDA:2,(anonymous_1)
FNDA:0,filterStudentsByCourse
FNDA:0,(anonymous_3)
DA:3,2
DA:4,2
DA:5,2
DA:6,2
DA:7,2
DA:8,2
DA:9,2
DA:10,2
DA:11,14
DA:23,2
DA:25,2
DA:32,0
DA:34,0
DA:37,0
DA:38,0
DA:39,0
DA:40,0
DA:41,0
DA:45,0
DA:46,0
DA:47,0
DA:50,0
DA:51,0
DA:52,0
DA:53,0
DA:54,0
DA:55,0
DA:57,0
DA:58,0
DA:61,0
DA:62,0
DA:66,0
DA:67,0
DA:68,0
DA:80,0
DA:81,0
DA:84,0
LF:37
LH:11
BRDA:37,0,0,0
BRDA:37,0,1,0
BRDA:37,1,0,0
BRDA:37,1,1,0
BRDA:37,1,2,0
BRDA:45,2,0,0
BRDA:45,2,1,0
BRDA:57,3,0,0
BRDA:57,3,1,0
BRDA:61,4,0,0
BRDA:61,4,1,0
BRF:11
BRH:0
end_of_record
TN:
SF:utils\addStudentUtil.js
FN:4,readJSON
FN:10,writeJSON
FN:18,addStudent
FNF:3
FNH:0
FNDA:0,readJSON
FNDA:0,writeJSON
FNDA:0,addStudent
DA:1,1
DA:2,1
DA:5,0
DA:6,0
DA:7,0
DA:8,0
DA:11,0
DA:12,0
DA:13,0
DA:14,0
DA:15,0
DA:16,0
DA:19,0
DA:20,0
DA:23,0
DA:24,0
DA:26,0
DA:27,0
DA:30,0
DA:31,0
DA:33,0
DA:35,0
DA:39,1
LF:23
LH:3
BRDA:23,0,0,0
BRDA:23,0,1,0
BRDA:23,1,0,0
BRDA:23,1,1,0
BRDA:26,2,0,0
BRDA:26,2,1,0
BRDA:26,3,0,0
BRDA:26,3,1,0
BRF:8
BRH:0
end_of_record
TN:
SF:utils\updateStudentUtil.js
FN:3,readJSON
FN:13,writeJSON
FN:22,editStudent
FNF:3
FNH:2
FNDA:2,readJSON
FNDA:0,writeJSON
FNDA:2,editStudent
DA:1,1
DA:4,2
DA:5,2
DA:6,2
DA:8,0
DA:9,0
DA:14,0
DA:15,0
DA:17,0
DA:18,0
DA:23,2
DA:24,2
DA:25,2
DA:26,2
DA:27,2
DA:28,2
DA:29,2
DA:30,2
DA:31,2
DA:32,2
DA:33,2
DA:34,14
DA:35,14
DA:36,1
DA:37,1
DA:38,1
DA:39,1
DA:40,1
DA:41,1
DA:42,1
DA:45,2
DA:46,1
DA:47,1
DA:49,1
DA:52,0
DA:56,1
LF:36
LH:29
BRDA:35,0,0,1
BRDA:35,0,1,13
BRDA:45,1,0,1
BRDA:45,1,1,1
BRF:4
BRH:4
end_of_record
TN:
SF:utils\view_students.js
FN:3,viewStudents
FN:12,filterStudentsByCourse
FN:16,(anonymous_2)
FNF:3
FNH:0
FNDA:0,viewStudents
FNDA:0,filterStudentsByCourse
FNDA:0,(anonymous_2)
DA:1,1
DA:4,0
DA:5,0
DA:6,0
DA:8,0
DA:13,0
DA:14,0
DA:15,0
DA:16,0
DA:17,0
DA:20,0
DA:21,0
DA:25,1
LF:13
LH:2
BRDA:16,0,0,0
BRDA:16,0,1,0
BRF:2
BRH:0
end_of_record
