TN:
SF:public\js\addstudent.js
FN:1,addStudent
FN:31,(anonymous_1)
FNF:2
FNH:0
FNDA:0,addStudent
FNDA:0,(anonymous_1)
DA:2,0
DA:3,0
DA:6,0
DA:7,0
DA:8,0
DA:9,0
DA:10,0
DA:11,0
DA:14,0
DA:22,0
DA:23,0
DA:24,0
DA:28,0
DA:29,0
DA:30,0
DA:31,0
DA:32,0
DA:33,0
DA:35,0
DA:36,0
DA:37,0
DA:40,0
DA:41,0
DA:42,0
DA:43,0
DA:44,0
DA:45,0
DA:48,0
DA:49,0
DA:51,0
DA:52,0
DA:54,0
DA:55,0
DA:60,0
LF:34
LH:0
BRDA:14,0,0,0
BRDA:14,0,1,0
BRDA:15,1,0,0
BRDA:15,1,1,0
BRDA:15,1,2,0
BRDA:15,1,3,0
BRDA:15,1,4,0
BRDA:15,1,5,0
BRDA:35,2,0,0
BRDA:35,2,1,0
BRDA:49,3,0,0
BRDA:49,3,1,0
BRF:12
BRH:0
end_of_record
TN:
SF:public\js\updateStudent.js
FN:1,editStudent
FN:17,updateStudent
FN:55,(anonymous_2)
FNF:3
FNH:3
FNDA:4,editStudent
FNDA:4,updateStudent
FNDA:1,(anonymous_2)
DA:2,4
DA:4,4
DA:5,4
DA:6,4
DA:7,4
DA:8,4
DA:9,4
DA:11,4
DA:13,4
DA:18,4
DA:19,4
DA:21,4
DA:22,4
DA:23,4
DA:24,4
DA:25,4
DA:26,4
DA:27,4
DA:29,4
DA:30,1
DA:31,1
DA:32,1
DA:36,3
DA:37,3
DA:38,1
DA:39,1
DA:40,1
DA:44,2
DA:45,1
DA:46,1
DA:47,1
DA:50,1
DA:52,1
DA:53,1
DA:55,1
DA:56,1
DA:57,1
DA:58,1
DA:59,1
DA:61,0
DA:62,0
DA:66,1
DA:67,1
LF:43
LH:41
BRDA:29,0,0,1
BRDA:29,0,1,3
BRDA:29,1,0,4
BRDA:29,1,1,3
BRDA:29,1,2,3
BRDA:29,1,3,3
BRDA:29,1,4,3
BRDA:29,1,5,3
BRDA:37,2,0,1
BRDA:37,2,1,2
BRDA:44,3,0,1
BRDA:44,3,1,1
BRDA:44,4,0,2
BRDA:44,4,1,1
BRDA:56,5,0,1
BRDA:56,5,1,0
BRF:16
BRH:15
end_of_record
TN:
SF:public\js\view_students_frontend.js
FN:2,viewStudents
FN:7,(anonymous_1)
FN:29,filterStudentsByCourse
FN:54,(anonymous_3)
FNF:4
FNH:2
FNDA:5,viewStudents
FNDA:5,(anonymous_1)
FNDA:0,filterStudentsByCourse
FNDA:0,(anonymous_3)
DA:3,5
DA:4,5
DA:5,5
DA:6,5
DA:7,5
DA:8,5
DA:9,5
DA:10,5
DA:11,35
DA:23,5
DA:25,5
DA:32,0
DA:34,0
DA:37,0
DA:38,0
DA:39,0
DA:40,0
DA:41,0
DA:45,0
DA:46,0
DA:47,0
DA:50,0
DA:51,0
DA:52,0
DA:53,0
DA:54,0
DA:55,0
DA:57,0
DA:58,0
DA:61,0
DA:62,0
DA:66,0
DA:67,0
DA:68,0
DA:80,0
DA:81,0
DA:84,0
LF:37
LH:11
BRDA:37,0,0,0
BRDA:37,0,1,0
BRDA:37,1,0,0
BRDA:37,1,1,0
BRDA:37,1,2,0
BRDA:45,2,0,0
BRDA:45,2,1,0
BRDA:57,3,0,0
BRDA:57,3,1,0
BRDA:61,4,0,0
BRDA:61,4,1,0
BRF:11
BRH:0
end_of_record
